# Logfile created on 2014-01-22 22:43:56 -0600 by logger.rb/44203
I, [2014-01-22T22:43:56.943034 #19800]  INFO -- : 0:  rake (10.1.1) from /Users/wavrin/.rvm/gems/ruby-2.0.0-p353/specifications/rake-10.1.1.gemspec
I, [2014-01-22T22:43:56.943497 #19800]  INFO -- : 0:  i18n (0.6.9) from /Users/wavrin/.rvm/gems/ruby-2.0.0-p353/specifications/i18n-0.6.9.gemspec
I, [2014-01-22T22:43:56.943912 #19800]  INFO -- : 0:  minitest (4.7.5) from /Users/wavrin/.rvm/rubies/ruby-2.1.0/lib/ruby/gems/2.1.0/specifications/default/minitest-4.7.5.gemspec
I, [2014-01-22T22:43:56.944303 #19800]  INFO -- : 0:  multi_json (1.8.4) from /Users/wavrin/.rvm/gems/ruby-2.0.0-p353/specifications/multi_json-1.8.4.gemspec
I, [2014-01-22T22:43:56.944620 #19800]  INFO -- : 0:  atomic (1.1.14) from /Users/wavrin/.rvm/gems/ruby-2.0.0-p353/specifications/atomic-1.1.14.gemspec
I, [2014-01-22T22:43:56.944974 #19800]  INFO -- : 0:  thread_safe (0.1.3) from /Users/wavrin/.rvm/gems/ruby-2.0.0-p353/specifications/thread_safe-0.1.3.gemspec
I, [2014-01-22T22:43:56.945290 #19800]  INFO -- : 0:  tzinfo (0.3.38) from /Users/wavrin/.rvm/gems/ruby-2.0.0-p353/specifications/tzinfo-0.3.38.gemspec
I, [2014-01-22T22:43:56.945662 #19800]  INFO -- : 0:  activesupport (4.0.0) from /Users/wavrin/.rvm/gems/ruby-2.0.0-p353/specifications/activesupport-4.0.0.gemspec
I, [2014-01-22T22:43:56.945962 #19800]  INFO -- : 0:  builder (3.1.4) from /Users/wavrin/.rvm/gems/ruby-2.0.0-p353/specifications/builder-3.1.4.gemspec
I, [2014-01-22T22:43:56.946341 #19800]  INFO -- : 0:  erubis (2.7.0) from /Users/wavrin/.rvm/gems/ruby-2.0.0-p353/specifications/erubis-2.7.0.gemspec
I, [2014-01-22T22:43:56.946685 #19800]  INFO -- : 0:  rack (1.5.2) from /Users/wavrin/.rvm/gems/ruby-2.0.0-p353/specifications/rack-1.5.2.gemspec
I, [2014-01-22T22:43:56.946977 #19800]  INFO -- : 0:  rack-test (0.6.2) from /Users/wavrin/.rvm/gems/ruby-2.0.0-p353/specifications/rack-test-0.6.2.gemspec
I, [2014-01-22T22:43:56.947326 #19800]  INFO -- : 0:  actionpack (4.0.0) from /Users/wavrin/.rvm/gems/ruby-2.0.0-p353/specifications/actionpack-4.0.0.gemspec
I, [2014-01-22T22:43:56.947745 #19800]  INFO -- : 0:  mime-types (1.25.1) from /Users/wavrin/.rvm/gems/ruby-2.0.0-p353/specifications/mime-types-1.25.1.gemspec
I, [2014-01-22T22:43:56.948087 #19800]  INFO -- : 0:  polyglot (0.3.3) from /Users/wavrin/.rvm/gems/ruby-2.0.0-p353/specifications/polyglot-0.3.3.gemspec
I, [2014-01-22T22:43:56.948391 #19800]  INFO -- : 0:  treetop (1.4.15) from /Users/wavrin/.rvm/gems/ruby-2.0.0-p353/specifications/treetop-1.4.15.gemspec
I, [2014-01-22T22:43:56.948703 #19800]  INFO -- : 0:  mail (2.5.4) from /Users/wavrin/.rvm/gems/ruby-2.0.0-p353/specifications/mail-2.5.4.gemspec
I, [2014-01-22T22:43:56.949029 #19800]  INFO -- : 0:  actionmailer (4.0.0) from /Users/wavrin/.rvm/gems/ruby-2.0.0-p353/specifications/actionmailer-4.0.0.gemspec
I, [2014-01-22T22:43:56.949331 #19800]  INFO -- : 0:  activemodel (4.0.0) from /Users/wavrin/.rvm/gems/ruby-2.0.0-p353/specifications/activemodel-4.0.0.gemspec
I, [2014-01-22T22:43:56.949634 #19800]  INFO -- : 0:  activerecord-deprecated_finders (1.0.3) from /Users/wavrin/.rvm/gems/ruby-2.0.0-p353/specifications/activerecord-deprecated_finders-1.0.3.gemspec
I, [2014-01-22T22:43:56.949967 #19800]  INFO -- : 0:  arel (4.0.1) from /Users/wavrin/.rvm/gems/ruby-2.0.0-p353/specifications/arel-4.0.1.gemspec
I, [2014-01-22T22:43:56.950271 #19800]  INFO -- : 0:  activerecord (4.0.0) from /Users/wavrin/.rvm/gems/ruby-2.0.0-p353/specifications/activerecord-4.0.0.gemspec
I, [2014-01-22T22:43:56.950595 #19800]  INFO -- : 0:  bundler (1.5.1) from /Users/wavrin/.rvm/gems/ruby-2.0.0-p353@global/specifications/bundler-1.5.1.gemspec
I, [2014-01-22T22:43:56.950908 #19800]  INFO -- : 0:  mini_portile (0.5.2) from /Users/wavrin/.rvm/gems/ruby-2.0.0-p353/specifications/mini_portile-0.5.2.gemspec
I, [2014-01-22T22:43:56.951256 #19800]  INFO -- : 0:  nokogiri (1.6.1) from /Users/wavrin/.rvm/gems/ruby-2.0.0-p353/specifications/nokogiri-1.6.1.gemspec
I, [2014-01-22T22:43:56.951582 #19800]  INFO -- : 0:  xpath (2.0.0) from /Users/wavrin/.rvm/gems/ruby-2.0.0-p353/specifications/xpath-2.0.0.gemspec
I, [2014-01-22T22:43:56.951922 #19800]  INFO -- : 0:  capybara (2.1.0) from /Users/wavrin/.rvm/gems/ruby-2.0.0-p353/specifications/capybara-2.1.0.gemspec
I, [2014-01-22T22:43:56.952251 #19800]  INFO -- : 0:  coffee-script-source (1.6.3) from /Users/wavrin/.rvm/gems/ruby-2.0.0-p353/specifications/coffee-script-source-1.6.3.gemspec
I, [2014-01-22T22:43:56.952552 #19800]  INFO -- : 0:  execjs (2.0.2) from /Users/wavrin/.rvm/gems/ruby-2.0.0-p353/specifications/execjs-2.0.2.gemspec
I, [2014-01-22T22:43:56.952851 #19800]  INFO -- : 0:  coffee-script (2.2.0) from /Users/wavrin/.rvm/gems/ruby-2.0.0-p353/specifications/coffee-script-2.2.0.gemspec
I, [2014-01-22T22:43:56.953416 #19800]  INFO -- : 0:  thor (0.18.1) from /Users/wavrin/.rvm/gems/ruby-2.0.0-p353/specifications/thor-0.18.1.gemspec
I, [2014-01-22T22:43:56.953964 #19800]  INFO -- : 0:  railties (4.0.0) from /Users/wavrin/.rvm/gems/ruby-2.0.0-p353/specifications/railties-4.0.0.gemspec
I, [2014-01-22T22:43:56.954380 #19800]  INFO -- : 0:  coffee-rails (4.0.1) from /Users/wavrin/.rvm/gems/ruby-2.0.0-p353/specifications/coffee-rails-4.0.1.gemspec
I, [2014-01-22T22:43:56.954768 #19800]  INFO -- : 0:  diff-lcs (1.2.5) from /Users/wavrin/.rvm/gems/ruby-2.0.0-p353/specifications/diff-lcs-1.2.5.gemspec
I, [2014-01-22T22:43:56.955171 #19800]  INFO -- : 0:  hike (1.2.3) from /Users/wavrin/.rvm/gems/ruby-2.0.0-p353/specifications/hike-1.2.3.gemspec
I, [2014-01-22T22:43:56.955521 #19800]  INFO -- : 0:  jbuilder (1.5.3) from /Users/wavrin/.rvm/gems/ruby-2.0.0-p353/specifications/jbuilder-1.5.3.gemspec
I, [2014-01-22T22:43:56.955955 #19800]  INFO -- : 0:  jquery-rails (3.0.4) from /Users/wavrin/.rvm/gems/ruby-2.0.0-p353/specifications/jquery-rails-3.0.4.gemspec
I, [2014-01-22T22:43:56.956292 #19800]  INFO -- : 0:  json (1.8.1) from /Users/wavrin/.rvm/rubies/ruby-2.1.0/lib/ruby/gems/2.1.0/specifications/default/json-1.8.1.gemspec
I, [2014-01-22T22:43:56.956653 #19800]  INFO -- : 0:  tilt (1.4.1) from /Users/wavrin/.rvm/gems/ruby-2.0.0-p353/specifications/tilt-1.4.1.gemspec
I, [2014-01-22T22:43:56.957022 #19800]  INFO -- : 0:  sprockets (2.10.1) from /Users/wavrin/.rvm/gems/ruby-2.0.0-p353/specifications/sprockets-2.10.1.gemspec
I, [2014-01-22T22:43:56.957378 #19800]  INFO -- : 0:  sprockets-rails (2.0.1) from /Users/wavrin/.rvm/gems/ruby-2.0.0-p353/specifications/sprockets-rails-2.0.1.gemspec
I, [2014-01-22T22:43:56.957852 #19800]  INFO -- : 0:  rails (4.0.0) from /Users/wavrin/.rvm/gems/ruby-2.0.0-p353/specifications/rails-4.0.0.gemspec
I, [2014-01-22T22:43:56.958313 #19800]  INFO -- : 0:  rdoc (4.1.1) from /Users/wavrin/.rvm/gems/ruby-2.0.0-p353/specifications/rdoc-4.1.1.gemspec
I, [2014-01-22T22:43:56.958712 #19800]  INFO -- : 0:  rspec-core (2.13.1) from /Users/wavrin/.rvm/gems/ruby-2.0.0-p353/specifications/rspec-core-2.13.1.gemspec
I, [2014-01-22T22:43:56.959102 #19800]  INFO -- : 0:  rspec-expectations (2.13.0) from /Users/wavrin/.rvm/gems/ruby-2.0.0-p353/specifications/rspec-expectations-2.13.0.gemspec
I, [2014-01-22T22:43:56.959497 #19800]  INFO -- : 0:  rspec-mocks (2.13.1) from /Users/wavrin/.rvm/gems/ruby-2.0.0-p353/specifications/rspec-mocks-2.13.1.gemspec
I, [2014-01-22T22:43:56.960028 #19800]  INFO -- : 0:  rspec-rails (2.13.1) from /Users/wavrin/.rvm/gems/ruby-2.0.0-p353/specifications/rspec-rails-2.13.1.gemspec
I, [2014-01-22T22:43:56.960622 #19800]  INFO -- : 0:  sass (3.2.13) from /Users/wavrin/.rvm/gems/ruby-2.0.0-p353/specifications/sass-3.2.13.gemspec
I, [2014-01-22T22:43:56.961183 #19800]  INFO -- : 0:  sass-rails (4.0.1) from /Users/wavrin/.rvm/gems/ruby-2.0.0-p353/specifications/sass-rails-4.0.1.gemspec
I, [2014-01-22T22:43:56.961671 #19800]  INFO -- : 0:  sdoc (0.4.0) from /Users/wavrin/.rvm/gems/ruby-2.0.0-p353/specifications/sdoc-0.4.0.gemspec
I, [2014-01-22T22:43:56.962143 #19800]  INFO -- : 0:  sqlite3 (1.3.8) from /Users/wavrin/.rvm/gems/ruby-2.0.0-p353/specifications/sqlite3-1.3.8.gemspec
I, [2014-01-22T22:43:56.962670 #19800]  INFO -- : 0:  turbolinks (2.2.0) from /Users/wavrin/.rvm/gems/ruby-2.0.0-p353/specifications/turbolinks-2.2.0.gemspec
I, [2014-01-22T22:43:56.963263 #19800]  INFO -- : 0:  uglifier (2.4.0) from /Users/wavrin/.rvm/gems/ruby-2.0.0-p353/specifications/uglifier-2.4.0.gemspec
I, [2014-02-02T16:18:57.833163 #1629]  INFO -- : 0:  rake (10.1.1) from /Users/wavrin/.rvm/gems/ruby-2.0.0-p353/specifications/rake-10.1.1.gemspec
I, [2014-02-02T16:18:57.835920 #1629]  INFO -- : 0:  i18n (0.6.9) from /Users/wavrin/.rvm/gems/ruby-2.0.0-p353/specifications/i18n-0.6.9.gemspec
I, [2014-02-02T16:18:57.836350 #1629]  INFO -- : 0:  minitest (4.7.5) from /Users/wavrin/.rvm/rubies/ruby-2.1.0/lib/ruby/gems/2.1.0/specifications/default/minitest-4.7.5.gemspec
I, [2014-02-02T16:18:57.836728 #1629]  INFO -- : 0:  multi_json (1.8.4) from /Users/wavrin/.rvm/gems/ruby-2.0.0-p353/specifications/multi_json-1.8.4.gemspec
I, [2014-02-02T16:18:57.837061 #1629]  INFO -- : 0:  atomic (1.1.14) from /Users/wavrin/.rvm/gems/ruby-2.0.0-p353/specifications/atomic-1.1.14.gemspec
I, [2014-02-02T16:18:57.837393 #1629]  INFO -- : 0:  thread_safe (0.1.3) from /Users/wavrin/.rvm/gems/ruby-2.0.0-p353/specifications/thread_safe-0.1.3.gemspec
I, [2014-02-02T16:18:57.837737 #1629]  INFO -- : 0:  tzinfo (0.3.38) from /Users/wavrin/.rvm/gems/ruby-2.0.0-p353/specifications/tzinfo-0.3.38.gemspec
I, [2014-02-02T16:18:57.838080 #1629]  INFO -- : 0:  activesupport (4.0.0) from /Users/wavrin/.rvm/gems/ruby-2.0.0-p353/specifications/activesupport-4.0.0.gemspec
I, [2014-02-02T16:18:57.838420 #1629]  INFO -- : 0:  builder (3.1.4) from /Users/wavrin/.rvm/gems/ruby-2.0.0-p353/specifications/builder-3.1.4.gemspec
I, [2014-02-02T16:18:57.838752 #1629]  INFO -- : 0:  erubis (2.7.0) from /Users/wavrin/.rvm/gems/ruby-2.0.0-p353/specifications/erubis-2.7.0.gemspec
I, [2014-02-02T16:18:57.839100 #1629]  INFO -- : 0:  rack (1.5.2) from /Users/wavrin/.rvm/gems/ruby-2.0.0-p353/specifications/rack-1.5.2.gemspec
I, [2014-02-02T16:18:57.839449 #1629]  INFO -- : 0:  rack-test (0.6.2) from /Users/wavrin/.rvm/gems/ruby-2.0.0-p353/specifications/rack-test-0.6.2.gemspec
I, [2014-02-02T16:18:57.839769 #1629]  INFO -- : 0:  actionpack (4.0.0) from /Users/wavrin/.rvm/gems/ruby-2.0.0-p353/specifications/actionpack-4.0.0.gemspec
I, [2014-02-02T16:18:57.840132 #1629]  INFO -- : 0:  mime-types (1.25.1) from /Users/wavrin/.rvm/gems/ruby-2.0.0-p353/specifications/mime-types-1.25.1.gemspec
I, [2014-02-02T16:18:57.840449 #1629]  INFO -- : 0:  polyglot (0.3.3) from /Users/wavrin/.rvm/gems/ruby-2.0.0-p353/specifications/polyglot-0.3.3.gemspec
I, [2014-02-02T16:18:57.840788 #1629]  INFO -- : 0:  treetop (1.4.15) from /Users/wavrin/.rvm/gems/ruby-2.0.0-p353/specifications/treetop-1.4.15.gemspec
I, [2014-02-02T16:18:57.841106 #1629]  INFO -- : 0:  mail (2.5.4) from /Users/wavrin/.rvm/gems/ruby-2.0.0-p353/specifications/mail-2.5.4.gemspec
I, [2014-02-02T16:18:57.841454 #1629]  INFO -- : 0:  actionmailer (4.0.0) from /Users/wavrin/.rvm/gems/ruby-2.0.0-p353/specifications/actionmailer-4.0.0.gemspec
I, [2014-02-02T16:18:57.841777 #1629]  INFO -- : 0:  activemodel (4.0.0) from /Users/wavrin/.rvm/gems/ruby-2.0.0-p353/specifications/activemodel-4.0.0.gemspec
I, [2014-02-02T16:18:57.842129 #1629]  INFO -- : 0:  activerecord-deprecated_finders (1.0.3) from /Users/wavrin/.rvm/gems/ruby-2.0.0-p353/specifications/activerecord-deprecated_finders-1.0.3.gemspec
I, [2014-02-02T16:18:57.842461 #1629]  INFO -- : 0:  arel (4.0.1) from /Users/wavrin/.rvm/gems/ruby-2.0.0-p353/specifications/arel-4.0.1.gemspec
I, [2014-02-02T16:18:57.842797 #1629]  INFO -- : 0:  activerecord (4.0.0) from /Users/wavrin/.rvm/gems/ruby-2.0.0-p353/specifications/activerecord-4.0.0.gemspec
I, [2014-02-02T16:18:57.843149 #1629]  INFO -- : 0:  bundler (1.5.1) from /Users/wavrin/.rvm/gems/ruby-2.0.0-p353@global/specifications/bundler-1.5.1.gemspec
I, [2014-02-02T16:18:57.843460 #1629]  INFO -- : 0:  mini_portile (0.5.2) from /Users/wavrin/.rvm/gems/ruby-2.0.0-p353/specifications/mini_portile-0.5.2.gemspec
I, [2014-02-02T16:18:57.843797 #1629]  INFO -- : 0:  nokogiri (1.6.1) from /Users/wavrin/.rvm/gems/ruby-2.0.0-p353/specifications/nokogiri-1.6.1.gemspec
I, [2014-02-02T16:18:57.844123 #1629]  INFO -- : 0:  xpath (2.0.0) from /Users/wavrin/.rvm/gems/ruby-2.0.0-p353/specifications/xpath-2.0.0.gemspec
I, [2014-02-02T16:18:57.844450 #1629]  INFO -- : 0:  capybara (2.1.0) from /Users/wavrin/.rvm/gems/ruby-2.0.0-p353/specifications/capybara-2.1.0.gemspec
I, [2014-02-02T16:18:57.844779 #1629]  INFO -- : 0:  coffee-script-source (1.6.3) from /Users/wavrin/.rvm/gems/ruby-2.0.0-p353/specifications/coffee-script-source-1.6.3.gemspec
I, [2014-02-02T16:18:57.845155 #1629]  INFO -- : 0:  execjs (2.0.2) from /Users/wavrin/.rvm/gems/ruby-2.0.0-p353/specifications/execjs-2.0.2.gemspec
I, [2014-02-02T16:18:57.845504 #1629]  INFO -- : 0:  coffee-script (2.2.0) from /Users/wavrin/.rvm/gems/ruby-2.0.0-p353/specifications/coffee-script-2.2.0.gemspec
I, [2014-02-02T16:18:57.845836 #1629]  INFO -- : 0:  thor (0.18.1) from /Users/wavrin/.rvm/gems/ruby-2.0.0-p353/specifications/thor-0.18.1.gemspec
I, [2014-02-02T16:18:57.846188 #1629]  INFO -- : 0:  railties (4.0.0) from /Users/wavrin/.rvm/gems/ruby-2.0.0-p353/specifications/railties-4.0.0.gemspec
I, [2014-02-02T16:18:57.846527 #1629]  INFO -- : 0:  coffee-rails (4.0.1) from /Users/wavrin/.rvm/gems/ruby-2.0.0-p353/specifications/coffee-rails-4.0.1.gemspec
I, [2014-02-02T16:18:57.846871 #1629]  INFO -- : 0:  diff-lcs (1.2.5) from /Users/wavrin/.rvm/gems/ruby-2.0.0-p353/specifications/diff-lcs-1.2.5.gemspec
I, [2014-02-02T16:18:57.847191 #1629]  INFO -- : 0:  hike (1.2.3) from /Users/wavrin/.rvm/gems/ruby-2.0.0-p353/specifications/hike-1.2.3.gemspec
I, [2014-02-02T16:18:57.847558 #1629]  INFO -- : 0:  jbuilder (1.5.3) from /Users/wavrin/.rvm/gems/ruby-2.0.0-p353/specifications/jbuilder-1.5.3.gemspec
I, [2014-02-02T16:18:57.847874 #1629]  INFO -- : 0:  jquery-rails (3.0.4) from /Users/wavrin/.rvm/gems/ruby-2.0.0-p353/specifications/jquery-rails-3.0.4.gemspec
I, [2014-02-02T16:18:57.848246 #1629]  INFO -- : 0:  json (1.8.1) from /Users/wavrin/.rvm/rubies/ruby-2.1.0/lib/ruby/gems/2.1.0/specifications/default/json-1.8.1.gemspec
I, [2014-02-02T16:18:57.848560 #1629]  INFO -- : 0:  pg (0.17.1) from /Users/wavrin/.rvm/gems/ruby-2.0.0-p353/specifications/pg-0.17.1.gemspec
I, [2014-02-02T16:18:57.848885 #1629]  INFO -- : 0:  tilt (1.4.1) from /Users/wavrin/.rvm/gems/ruby-2.0.0-p353/specifications/tilt-1.4.1.gemspec
I, [2014-02-02T16:18:57.849208 #1629]  INFO -- : 0:  sprockets (2.10.1) from /Users/wavrin/.rvm/gems/ruby-2.0.0-p353/specifications/sprockets-2.10.1.gemspec
I, [2014-02-02T16:18:57.849565 #1629]  INFO -- : 0:  sprockets-rails (2.0.1) from /Users/wavrin/.rvm/gems/ruby-2.0.0-p353/specifications/sprockets-rails-2.0.1.gemspec
I, [2014-02-02T16:18:57.849904 #1629]  INFO -- : 0:  rails (4.0.0) from /Users/wavrin/.rvm/gems/ruby-2.0.0-p353/specifications/rails-4.0.0.gemspec
I, [2014-02-02T16:18:57.850259 #1629]  INFO -- : 0:  rdoc (4.1.1) from /Users/wavrin/.rvm/gems/ruby-2.0.0-p353/specifications/rdoc-4.1.1.gemspec
I, [2014-02-02T16:18:57.850601 #1629]  INFO -- : 0:  rspec-core (2.13.1) from /Users/wavrin/.rvm/gems/ruby-2.0.0-p353/specifications/rspec-core-2.13.1.gemspec
I, [2014-02-02T16:18:57.850968 #1629]  INFO -- : 0:  rspec-expectations (2.13.0) from /Users/wavrin/.rvm/gems/ruby-2.0.0-p353/specifications/rspec-expectations-2.13.0.gemspec
I, [2014-02-02T16:18:57.851321 #1629]  INFO -- : 0:  rspec-mocks (2.13.1) from /Users/wavrin/.rvm/gems/ruby-2.0.0-p353/specifications/rspec-mocks-2.13.1.gemspec
I, [2014-02-02T16:18:57.851674 #1629]  INFO -- : 0:  rspec-rails (2.13.1) from /Users/wavrin/.rvm/gems/ruby-2.0.0-p353/specifications/rspec-rails-2.13.1.gemspec
I, [2014-02-02T16:18:57.852040 #1629]  INFO -- : 0:  sass (3.2.13) from /Users/wavrin/.rvm/gems/ruby-2.0.0-p353/specifications/sass-3.2.13.gemspec
I, [2014-02-02T16:18:57.852396 #1629]  INFO -- : 0:  sass-rails (4.0.1) from /Users/wavrin/.rvm/gems/ruby-2.0.0-p353/specifications/sass-rails-4.0.1.gemspec
I, [2014-02-02T16:18:57.852779 #1629]  INFO -- : 0:  sdoc (0.4.0) from /Users/wavrin/.rvm/gems/ruby-2.0.0-p353/specifications/sdoc-0.4.0.gemspec
I, [2014-02-02T16:18:57.853115 #1629]  INFO -- : 0:  sqlite3 (1.3.8) from /Users/wavrin/.rvm/gems/ruby-2.0.0-p353/specifications/sqlite3-1.3.8.gemspec
I, [2014-02-02T16:18:57.853469 #1629]  INFO -- : 0:  turbolinks (2.2.0) from /Users/wavrin/.rvm/gems/ruby-2.0.0-p353/specifications/turbolinks-2.2.0.gemspec
I, [2014-02-02T16:18:57.853816 #1629]  INFO -- : 0:  uglifier (2.4.0) from /Users/wavrin/.rvm/gems/ruby-2.0.0-p353/specifications/uglifier-2.4.0.gemspec
